{"E:\\mentor\\ReactGlobal\\ReactGlobal-task3_webpack\\src\\components\\App.js": {"path":"E:\\mentor\\ReactGlobal\\ReactGlobal-task3_webpack\\src\\components\\App.js","statementMap":{"0":{"start":{"line":11,"column":4},"end":{"line":11,"column":12}},"1":{"start":{"line":12,"column":4},"end":{"line":31,"column":6}},"2":{"start":{"line":32,"column":4},"end":{"line":32,"column":43}},"3":{"start":{"line":36,"column":15},"end":{"line":36,"column":42}},"4":{"start":{"line":38,"column":14},"end":{"line":40,"column":47}},"5":{"start":{"line":41,"column":4},"end":{"line":44,"column":41}},"6":{"start":{"line":42,"column":24},"end":{"line":42,"column":39}},"7":{"start":{"line":43,"column":20},"end":{"line":43,"column":54}},"8":{"start":{"line":49,"column":4},"end":{"line":49,"column":35}},"9":{"start":{"line":50,"column":4},"end":{"line":50,"column":23}},"10":{"start":{"line":51,"column":4},"end":{"line":51,"column":28}},"11":{"start":{"line":55,"column":4},"end":{"line":55,"column":19}},"12":{"start":{"line":61,"column":21},"end":{"line":61,"column":39}},"13":{"start":{"line":62,"column":4},"end":{"line":79,"column":6}}},"fnMap":{"0":{"name":"(anonymous_0)","decl":{"start":{"line":10,"column":2},"end":{"line":10,"column":3}},"loc":{"start":{"line":10,"column":16},"end":{"line":33,"column":3}},"line":10},"1":{"name":"(anonymous_1)","decl":{"start":{"line":35,"column":2},"end":{"line":35,"column":3}},"loc":{"start":{"line":35,"column":17},"end":{"line":45,"column":3}},"line":35},"2":{"name":"(anonymous_2)","decl":{"start":{"line":42,"column":12},"end":{"line":42,"column":13}},"loc":{"start":{"line":42,"column":24},"end":{"line":42,"column":39}},"line":42},"3":{"name":"(anonymous_3)","decl":{"start":{"line":43,"column":12},"end":{"line":43,"column":13}},"loc":{"start":{"line":43,"column":20},"end":{"line":43,"column":54}},"line":43},"4":{"name":"(anonymous_4)","decl":{"start":{"line":48,"column":2},"end":{"line":48,"column":3}},"loc":{"start":{"line":48,"column":17},"end":{"line":52,"column":3}},"line":48},"5":{"name":"(anonymous_5)","decl":{"start":{"line":54,"column":2},"end":{"line":54,"column":3}},"loc":{"start":{"line":54,"column":22},"end":{"line":56,"column":3}},"line":54},"6":{"name":"(anonymous_6)","decl":{"start":{"line":60,"column":2},"end":{"line":60,"column":3}},"loc":{"start":{"line":60,"column":11},"end":{"line":80,"column":3}},"line":60}},"branchMap":{"0":{"loc":{"start":{"line":36,"column":15},"end":{"line":36,"column":42}},"type":"cond-expr","locations":[{"start":{"line":36,"column":25},"end":{"line":36,"column":37}},{"start":{"line":36,"column":40},"end":{"line":36,"column":42}}],"line":36},"1":{"loc":{"start":{"line":38,"column":14},"end":{"line":40,"column":47}},"type":"cond-expr","locations":[{"start":{"line":39,"column":4},"end":{"line":39,"column":97}},{"start":{"line":40,"column":4},"end":{"line":40,"column":47}}],"line":38},"2":{"loc":{"start":{"line":68,"column":9},"end":{"line":76,"column":38}},"type":"cond-expr","locations":[{"start":{"line":69,"column":8},"end":{"line":76,"column":14}},{"start":{"line":76,"column":18},"end":{"line":76,"column":38}}],"line":68}},"s":{"0":1,"1":1,"2":1,"3":1,"4":1,"5":1,"6":0,"7":0,"8":0,"9":0,"10":0,"11":1,"12":1,"13":1},"f":{"0":1,"1":1,"2":0,"3":0,"4":0,"5":1,"6":1},"b":{"0":[0,1],"1":[0,1],"2":[1,0]},"_coverageSchema":"43e27e138ebf9cfc5966b082cf9a028302ed4184","hash":"f894e82a86a5c7c0888659c31fe1a53b678f03e8"}
,"E:\\mentor\\ReactGlobal\\ReactGlobal-task3_webpack\\src\\components\\Link.js": {"path":"E:\\mentor\\ReactGlobal\\ReactGlobal-task3_webpack\\src\\components\\Link.js","statementMap":{"0":{"start":{"line":3,"column":13},"end":{"line":3,"column":58}},"1":{"start":{"line":3,"column":33},"end":{"line":3,"column":58}},"2":{"start":{"line":4,"column":0},"end":{"line":7,"column":2}}},"fnMap":{"0":{"name":"(anonymous_0)","decl":{"start":{"line":3,"column":13},"end":{"line":3,"column":14}},"loc":{"start":{"line":3,"column":33},"end":{"line":3,"column":58}},"line":3}},"branchMap":{},"s":{"0":2,"1":1,"2":2},"f":{"0":1},"b":{},"_coverageSchema":"43e27e138ebf9cfc5966b082cf9a028302ed4184","hash":"33c102321df49d55d6638afbafe2823fba0bf8bb"}
,"E:\\mentor\\ReactGlobal\\ReactGlobal-task3_webpack\\src\\components\\error.js": {"path":"E:\\mentor\\ReactGlobal\\ReactGlobal-task3_webpack\\src\\components\\error.js","statementMap":{"0":{"start":{"line":5,"column":6},"end":{"line":5,"column":19}},"1":{"start":{"line":6,"column":6},"end":{"line":6,"column":52}},"2":{"start":{"line":10,"column":6},"end":{"line":13,"column":8}},"3":{"start":{"line":17,"column":6},"end":{"line":27,"column":7}},"4":{"start":{"line":18,"column":8},"end":{"line":26,"column":10}},"5":{"start":{"line":28,"column":6},"end":{"line":28,"column":33}}},"fnMap":{"0":{"name":"(anonymous_0)","decl":{"start":{"line":4,"column":4},"end":{"line":4,"column":5}},"loc":{"start":{"line":4,"column":23},"end":{"line":7,"column":5}},"line":4},"1":{"name":"(anonymous_1)","decl":{"start":{"line":9,"column":4},"end":{"line":9,"column":5}},"loc":{"start":{"line":9,"column":40},"end":{"line":14,"column":5}},"line":9},"2":{"name":"(anonymous_2)","decl":{"start":{"line":16,"column":4},"end":{"line":16,"column":5}},"loc":{"start":{"line":16,"column":13},"end":{"line":29,"column":5}},"line":16}},"branchMap":{"0":{"loc":{"start":{"line":17,"column":6},"end":{"line":27,"column":7}},"type":"if","locations":[{"start":{"line":17,"column":6},"end":{"line":27,"column":7}},{"start":{"line":17,"column":6},"end":{"line":27,"column":7}}],"line":17},"1":{"loc":{"start":{"line":22,"column":15},"end":{"line":22,"column":62}},"type":"binary-expr","locations":[{"start":{"line":22,"column":15},"end":{"line":22,"column":31}},{"start":{"line":22,"column":35},"end":{"line":22,"column":62}}],"line":22}},"s":{"0":0,"1":0,"2":0,"3":0,"4":0,"5":0},"f":{"0":0,"1":0,"2":0},"b":{"0":[0,0],"1":[0,0]},"_coverageSchema":"43e27e138ebf9cfc5966b082cf9a028302ed4184","hash":"fa8870f9f1ef3d6eac240199e6cdef9631fa574b"}
,"E:\\mentor\\ReactGlobal\\ReactGlobal-task3_webpack\\src\\components\\full_info.js": {"path":"E:\\mentor\\ReactGlobal\\ReactGlobal-task3_webpack\\src\\components\\full_info.js","statementMap":{"0":{"start":{"line":9,"column":4},"end":{"line":19,"column":6}}},"fnMap":{"0":{"name":"FullInfo","decl":{"start":{"line":6,"column":9},"end":{"line":6,"column":17}},"loc":{"start":{"line":6,"column":25},"end":{"line":20,"column":1}},"line":6}},"branchMap":{},"s":{"0":1},"f":{"0":1},"b":{},"_coverageSchema":"43e27e138ebf9cfc5966b082cf9a028302ed4184","hash":"23f103b6e1aa484581e4e63690c0e0f7958ceb4b"}
,"E:\\mentor\\ReactGlobal\\ReactGlobal-task3_webpack\\src\\components\\header.js": {"path":"E:\\mentor\\ReactGlobal\\ReactGlobal-task3_webpack\\src\\components\\header.js","statementMap":{"0":{"start":{"line":9,"column":6},"end":{"line":16,"column":8}}},"fnMap":{"0":{"name":"Header","decl":{"start":{"line":7,"column":9},"end":{"line":7,"column":15}},"loc":{"start":{"line":7,"column":23},"end":{"line":17,"column":3}},"line":7}},"branchMap":{},"s":{"0":0},"f":{"0":0},"b":{},"_coverageSchema":"43e27e138ebf9cfc5966b082cf9a028302ed4184","hash":"e5f463ec402422a9bddab387f08430e8d92d8c13"}
,"E:\\mentor\\ReactGlobal\\ReactGlobal-task3_webpack\\src\\components\\item.js": {"path":"E:\\mentor\\ReactGlobal\\ReactGlobal-task3_webpack\\src\\components\\item.js","statementMap":{"0":{"start":{"line":9,"column":4},"end":{"line":9,"column":22}},"1":{"start":{"line":14,"column":4},"end":{"line":14,"column":22}},"2":{"start":{"line":15,"column":4},"end":{"line":25,"column":6}},"3":{"start":{"line":18,"column":12},"end":{"line":22,"column":13}}},"fnMap":{"0":{"name":"clickItem","decl":{"start":{"line":8,"column":9},"end":{"line":8,"column":18}},"loc":{"start":{"line":8,"column":21},"end":{"line":10,"column":3}},"line":8},"1":{"name":"Item","decl":{"start":{"line":12,"column":9},"end":{"line":12,"column":13}},"loc":{"start":{"line":12,"column":21},"end":{"line":26,"column":1}},"line":12},"2":{"name":"(anonymous_2)","decl":{"start":{"line":17,"column":28},"end":{"line":17,"column":29}},"loc":{"start":{"line":17,"column":34},"end":{"line":22,"column":14}},"line":17}},"branchMap":{},"s":{"0":0,"1":0,"2":0,"3":0},"f":{"0":0,"1":0,"2":0},"b":{},"_coverageSchema":"43e27e138ebf9cfc5966b082cf9a028302ed4184","hash":"63fe51397de06e5cd538ee395856555b261e8c7f"}
,"E:\\mentor\\ReactGlobal\\ReactGlobal-task3_webpack\\src\\components\\item_info.js": {"path":"E:\\mentor\\ReactGlobal\\ReactGlobal-task3_webpack\\src\\components\\item_info.js","statementMap":{"0":{"start":{"line":7,"column":4},"end":{"line":15,"column":6}},"1":{"start":{"line":13,"column":82},"end":{"line":13,"column":108}}},"fnMap":{"0":{"name":"ItemInfo","decl":{"start":{"line":5,"column":9},"end":{"line":5,"column":17}},"loc":{"start":{"line":5,"column":25},"end":{"line":16,"column":1}},"line":5},"1":{"name":"(anonymous_1)","decl":{"start":{"line":13,"column":63},"end":{"line":13,"column":64}},"loc":{"start":{"line":13,"column":81},"end":{"line":13,"column":109}},"line":13}},"branchMap":{},"s":{"0":1,"1":1},"f":{"0":1,"1":1},"b":{},"_coverageSchema":"43e27e138ebf9cfc5966b082cf9a028302ed4184","hash":"985ec371e0d48af5b690cf992266f161ab6f3268"}
,"E:\\mentor\\ReactGlobal\\ReactGlobal-task3_webpack\\src\\components\\search.js": {"path":"E:\\mentor\\ReactGlobal\\ReactGlobal-task3_webpack\\src\\components\\search.js","statementMap":{"0":{"start":{"line":7,"column":8},"end":{"line":7,"column":21}},"1":{"start":{"line":8,"column":8},"end":{"line":8,"column":33}},"2":{"start":{"line":9,"column":8},"end":{"line":9,"column":57}},"3":{"start":{"line":10,"column":8},"end":{"line":12,"column":9}},"4":{"start":{"line":11,"column":10},"end":{"line":11,"column":42}},"5":{"start":{"line":16,"column":8},"end":{"line":16,"column":51}},"6":{"start":{"line":21,"column":6},"end":{"line":29,"column":8}}},"fnMap":{"0":{"name":"(anonymous_0)","decl":{"start":{"line":6,"column":4},"end":{"line":6,"column":5}},"loc":{"start":{"line":6,"column":23},"end":{"line":13,"column":7}},"line":6},"1":{"name":"(anonymous_1)","decl":{"start":{"line":10,"column":23},"end":{"line":10,"column":24}},"loc":{"start":{"line":10,"column":29},"end":{"line":12,"column":9}},"line":10},"2":{"name":"(anonymous_2)","decl":{"start":{"line":15,"column":6},"end":{"line":15,"column":7}},"loc":{"start":{"line":15,"column":26},"end":{"line":17,"column":7}},"line":15},"3":{"name":"(anonymous_3)","decl":{"start":{"line":19,"column":4},"end":{"line":19,"column":5}},"loc":{"start":{"line":19,"column":13},"end":{"line":30,"column":5}},"line":19}},"branchMap":{},"s":{"0":0,"1":0,"2":0,"3":0,"4":0,"5":0,"6":0},"f":{"0":0,"1":0,"2":0,"3":0},"b":{},"_coverageSchema":"43e27e138ebf9cfc5966b082cf9a028302ed4184","hash":"434e3e7bb9ba2a0567b36da89db9f5b119e44b89"}
,"E:\\mentor\\ReactGlobal\\ReactGlobal-task3_webpack\\src\\components\\sum.js": {"path":"E:\\mentor\\ReactGlobal\\ReactGlobal-task3_webpack\\src\\components\\sum.js","statementMap":{"0":{"start":{"line":2,"column":4},"end":{"line":2,"column":17}},"1":{"start":{"line":4,"column":2},"end":{"line":4,"column":23}}},"fnMap":{"0":{"name":"sum","decl":{"start":{"line":1,"column":9},"end":{"line":1,"column":12}},"loc":{"start":{"line":1,"column":19},"end":{"line":3,"column":3}},"line":1}},"branchMap":{},"s":{"0":1,"1":1},"f":{"0":1},"b":{},"_coverageSchema":"43e27e138ebf9cfc5966b082cf9a028302ed4184","hash":"01faa768b3662a279c1fa3eb3066b93e22fba9ef"}
}
