TN:
SF:E:\mentor\ReactGlobal\ReactGlobal-task3_webpack\src\components\App.js
FN:10,(anonymous_0)
FN:35,(anonymous_1)
FN:42,(anonymous_2)
FN:43,(anonymous_3)
FN:48,(anonymous_4)
FN:54,(anonymous_5)
FN:60,(anonymous_6)
FNF:7
FNH:4
FNDA:1,(anonymous_0)
FNDA:1,(anonymous_1)
FNDA:0,(anonymous_2)
FNDA:0,(anonymous_3)
FNDA:0,(anonymous_4)
FNDA:1,(anonymous_5)
FNDA:1,(anonymous_6)
DA:11,1
DA:12,1
DA:32,1
DA:36,1
DA:38,1
DA:41,1
DA:42,0
DA:43,0
DA:49,0
DA:50,0
DA:51,0
DA:55,1
DA:61,1
DA:62,1
LF:14
LH:9
BRDA:36,0,0,0
BRDA:36,0,1,1
BRDA:38,1,0,0
BRDA:38,1,1,1
BRDA:68,2,0,1
BRDA:68,2,1,0
BRF:6
BRH:3
end_of_record
TN:
SF:E:\mentor\ReactGlobal\ReactGlobal-task3_webpack\src\components\Link.js
FN:3,(anonymous_0)
FNF:1
FNH:1
FNDA:1,(anonymous_0)
DA:3,2
DA:4,2
LF:2
LH:2
BRF:0
BRH:0
end_of_record
TN:
SF:E:\mentor\ReactGlobal\ReactGlobal-task3_webpack\src\components\error.js
FN:4,(anonymous_0)
FN:9,(anonymous_1)
FN:16,(anonymous_2)
FNF:3
FNH:0
FNDA:0,(anonymous_0)
FNDA:0,(anonymous_1)
FNDA:0,(anonymous_2)
DA:5,0
DA:6,0
DA:10,0
DA:17,0
DA:18,0
DA:28,0
LF:6
LH:0
BRDA:17,0,0,0
BRDA:17,0,1,0
BRDA:22,1,0,0
BRDA:22,1,1,0
BRF:4
BRH:0
end_of_record
TN:
SF:E:\mentor\ReactGlobal\ReactGlobal-task3_webpack\src\components\full_info.js
FN:6,FullInfo
FNF:1
FNH:1
FNDA:1,FullInfo
DA:9,1
LF:1
LH:1
BRF:0
BRH:0
end_of_record
TN:
SF:E:\mentor\ReactGlobal\ReactGlobal-task3_webpack\src\components\header.js
FN:7,Header
FNF:1
FNH:0
FNDA:0,Header
DA:9,0
LF:1
LH:0
BRF:0
BRH:0
end_of_record
TN:
SF:E:\mentor\ReactGlobal\ReactGlobal-task3_webpack\src\components\item.js
FN:8,clickItem
FN:12,Item
FN:17,(anonymous_2)
FNF:3
FNH:0
FNDA:0,clickItem
FNDA:0,Item
FNDA:0,(anonymous_2)
DA:9,0
DA:14,0
DA:15,0
DA:18,0
LF:4
LH:0
BRF:0
BRH:0
end_of_record
TN:
SF:E:\mentor\ReactGlobal\ReactGlobal-task3_webpack\src\components\item_info.js
FN:5,ItemInfo
FN:13,(anonymous_1)
FNF:2
FNH:2
FNDA:1,ItemInfo
FNDA:1,(anonymous_1)
DA:7,1
DA:13,1
LF:2
LH:2
BRF:0
BRH:0
end_of_record
TN:
SF:E:\mentor\ReactGlobal\ReactGlobal-task3_webpack\src\components\search.js
FN:6,(anonymous_0)
FN:10,(anonymous_1)
FN:15,(anonymous_2)
FN:19,(anonymous_3)
FNF:4
FNH:0
FNDA:0,(anonymous_0)
FNDA:0,(anonymous_1)
FNDA:0,(anonymous_2)
FNDA:0,(anonymous_3)
DA:7,0
DA:8,0
DA:9,0
DA:10,0
DA:11,0
DA:16,0
DA:21,0
LF:7
LH:0
BRF:0
BRH:0
end_of_record
TN:
SF:E:\mentor\ReactGlobal\ReactGlobal-task3_webpack\src\components\sum.js
FN:1,sum
FNF:1
FNH:1
FNDA:1,sum
DA:2,1
DA:4,1
LF:2
LH:2
BRF:0
BRH:0
end_of_record
